  png_loading.cpp
D:\PROJECTS\voxel_engine\VoxelEngine\VoxelEngine\source\loaders\png_loading.cpp(61,52): warning C4267: '=': conversion from 'size_t' to 'int', possible loss of data
  Shader.cpp
D:\PROJECTS\voxel_engine\VoxelEngine\VoxelEngine\source\graphics\Shader.cpp(52,33): warning C4101: 'e': unreferenced local variable
  Events.cpp
D:\PROJECTS\voxel_engine\VoxelEngine\VoxelEngine\source\window\Events.cpp(23,26): warning C4244: '+=': conversion from 'double' to 'float', possible loss of data
D:\PROJECTS\voxel_engine\VoxelEngine\VoxelEngine\source\window\Events.cpp(24,26): warning C4244: '+=': conversion from 'double' to 'float', possible loss of data
D:\PROJECTS\voxel_engine\VoxelEngine\VoxelEngine\source\window\Events.cpp(30,14): warning C4244: '=': conversion from 'double' to 'float', possible loss of data
D:\PROJECTS\voxel_engine\VoxelEngine\VoxelEngine\source\window\Events.cpp(31,14): warning C4244: '=': conversion from 'double' to 'float', possible loss of data
  voxel_engine.cpp
  Window.cpp
  Texture.cpp
LINK : warning LNK4098: defaultlib 'LIBCMT' conflicts with use of other libs; use /NODEFAULTLIB:library
  Generating code
  Previous IPDB and IOBJ mismatch, fall back to full compilation.
  All 225 functions were compiled because no usable IPDB/IOBJ from previous compilation was found.
  Finished generating code
  VoxelEngine.vcxproj -> D:\PROJECTS\voxel_engine\VoxelEngine\x64\Release\VoxelEngine.exe
  "pwsh.exe" не является внутренней или внешней
  командой, исполняемой программой или пакетным файлом.
